<?xml version="1.0" encoding="UTF-8"?>
<!-- Generated by org.testng.reporters.JUnitReportReporter -->
<testsuite hostname="DESKTOP-H0I39BA" failures="0" tests="9" name="AlmosaferPackage.AlmosaferTestCases" time="21.040" errors="0" timestamp="2025-01-18T20:58:29 EET" skipped="0">
  <testcase classname="AlmosaferPackage.AlmosaferTestCases" name="CheckTheDefualtLanguage" time="0.044"/>
  <system-out/>
  <testcase classname="AlmosaferPackage.AlmosaferTestCases" name="CheckTheDefualtCurrency" time="0.035"/>
  <system-out/>
  <testcase classname="AlmosaferPackage.AlmosaferTestCases" name="CheckTheMobileNumber" time="0.054"/>
  <system-out/>
  <testcase classname="AlmosaferPackage.AlmosaferTestCases" name="CheckQitafLogo" time="0.085"/>
  <system-out/>
  <testcase classname="AlmosaferPackage.AlmosaferTestCases" name="CheckHotelTabNotSelected" time="0.023"/>
  <system-out/>
  <testcase classname="AlmosaferPackage.AlmosaferTestCases" name="CheckDepartureDate" time="0.029"/>
  <system-out/>
  <testcase classname="AlmosaferPackage.AlmosaferTestCases" name="CheckReturnDate" time="0.022"/>
  <system-out/>
  <testcase classname="AlmosaferPackage.AlmosaferTestCases" name="RandomChangeLanguage" time="1.130"/>
  <system-out/>
  <testcase classname="AlmosaferPackage.AlmosaferTestCases" name="SwitcToHotelTab" time="19.618"/>
  <system-out/>
</testsuite> <!-- AlmosaferPackage.AlmosaferTestCases -->
